<?xml version="1.0" encoding="UTF-8"?>
<!-- Generated by org.testng.reporters.JUnitReportReporter -->
<testsuite skipped="0" hostname="INL-FTTKX52" name="TestNG.NewTest" tests="1" failures="0" timestamp="17 Dec 2018 11:01:13 GMT" time="2.144" errors="0">
  <testcase name="f" time="2.144" classname="TestNG.NewTest"/>
</testsuite> <!-- TestNG.NewTest -->
