<?xml version="1.0" encoding="UTF-8"?>
<!-- Generated by org.testng.reporters.JUnitReportReporter -->
<testsuite hostname="INL-FTTKX52" name="TestNG.NewTest" tests="1" failures="0" timestamp="7 Dec 2018 15:28:55 GMT" time="11.297" errors="0">
  <testcase name="testEasy" time="11.297" classname="TestNG.NewTest"/>
</testsuite> <!-- TestNG.NewTest -->
